[2026-05-20 21:09:38] ============================================================
[2026-05-20 21:09:38] 开始采集期权数据
[2026-05-20 21:09:38] ============================================================
[2026-05-20 21:09:38] 采集 510050 (50ETF)...
[2026-05-20 21:09:39]   标的价格: 3.029
[2026-05-20 21:09:39] 510050: 到期月份 ['202605', '202606', '202609', '202612']
[2026-05-20 21:09:41] 510050: 分析波动率曲面 (spot=3.029)
[2026-05-20 21:09:41]   ✓ 保存到 /Users/chengming/home/futures_platform/data/options/510050_20260520.json
[2026-05-20 21:09:41] 采集 510300 (300ETF)...
[2026-05-20 21:09:41]   标的价格: 4.871
[2026-05-20 21:09:42] 510300: 到期月份 ['202605', '202606', '202609', '202612']
[2026-05-20 21:09:43] 510300: 分析波动率曲面 (spot=4.871)
[2026-05-20 21:09:43]   ✓ 保存到 /Users/chengming/home/futures_platform/data/options/510300_20260520.json
[2026-05-20 21:09:43] 采集 159919 (深300ETF)...
[2026-05-20 21:09:44]   标的价格: 5.077
[2026-05-20 21:09:44] 159919: 到期月份 ['202605', '202606', '202609', '202612']
[2026-05-20 21:09:46] 159919: 分析波动率曲面 (spot=5.077)
[2026-05-20 21:09:46]   ✓ 保存到 /Users/chengming/home/futures_platform/data/options/159919_20260520.json
[2026-05-20 21:09:46] 采集 000300 (沪深300)...
[2026-05-20 21:09:48]   标的价格: 4850.7
[2026-05-20 21:09:48] 000300: 到期月份 ['202605', '202606', '202609', '202612']
[2026-05-20 21:09:50] 000300: 分析波动率曲面 (spot=4850.7)
[2026-05-20 21:09:50]   ✓ 保存到 /Users/chengming/home/futures_platform/data/options/000300_20260520.json
[2026-05-20 21:09:50] 采集 000852 (中证1000)...
[2026-05-20 21:09:52]   标的价格: 8808.9095
[2026-05-20 21:09:52] 000852: 到期月份 ['202605', '202606', '202609', '202612']
[2026-05-20 21:09:54] 000852: 分析波动率曲面 (spot=8808.9095)
[2026-05-20 21:09:54]   ✓ 保存到 /Users/chengming/home/futures_platform/data/options/000852_20260520.json
[2026-05-20 21:09:54] 
采集完成: 共5个标的
