[2026-05-15 21:15:47] ============================================================
[2026-05-15 21:15:47] 开始采集期权数据
[2026-05-15 21:15:47] ============================================================
[2026-05-15 21:15:47] 采集 510050 (50ETF)...
[2026-05-15 21:15:48] 获取标的价格失败: ('Connection aborted.', RemoteDisconnected('Remote
[2026-05-15 21:15:48]   ✗ 无法获取标的价格
[2026-05-15 21:15:48] 采集 510300 (300ETF)...
[2026-05-15 21:15:48] 获取标的价格失败: ('Connection aborted.', RemoteDisconnected('Remote
[2026-05-15 21:15:48]   ✗ 无法获取标的价格
[2026-05-15 21:15:48] 采集 159919 (深300ETF)...
[2026-05-15 21:15:48] 获取标的价格失败: ('Connection aborted.', RemoteDisconnected('Remote
[2026-05-15 21:15:48]   ✗ 无法获取标的价格
[2026-05-15 21:15:48] 采集 000300 (沪深300)...
[2026-05-15 21:15:54] 获取标的价格失败: ('Connection aborted.', RemoteDisconnected('Remote
[2026-05-15 21:15:54]   ✗ 无法获取标的价格
[2026-05-15 21:15:54] 采集 000852 (中证1000)...
[2026-05-15 21:15:59] 获取标的价格失败: ('Connection aborted.', RemoteDisconnected('Remote
[2026-05-15 21:15:59]   ✗ 无法获取标的价格
[2026-05-15 21:15:59] 
采集完成: 共0个标的
[2026-05-15 21:16:32] ============================================================
[2026-05-15 21:16:32] 开始采集期权数据
[2026-05-15 21:16:32] ============================================================
[2026-05-15 21:16:32] 采集 510050 (50ETF)...
[2026-05-15 21:16:32]   标的价格: 3.035
[2026-05-15 21:16:32] 510050: 到期月份 ['202605', '202606', '202609', '202612']
[2026-05-15 21:16:34] 510050: 分析波动率曲面 (spot=3.035)
[2026-05-15 21:16:34]   ✓ 保存到 /Users/chengming/home/futures_platform/data/options/510050_20260515.json
[2026-05-15 21:16:34] 采集 510300 (300ETF)...
[2026-05-15 21:16:35]   标的价格: 4.878
[2026-05-15 21:16:35] 510300: 到期月份 ['202605', '202606', '202609', '202612']
[2026-05-15 21:16:37] 510300: 分析波动率曲面 (spot=4.878)
[2026-05-15 21:16:37]   ✓ 保存到 /Users/chengming/home/futures_platform/data/options/510300_20260515.json
[2026-05-15 21:16:37] 采集 159919 (深300ETF)...
[2026-05-15 21:16:37]   标的价格: 5.087
[2026-05-15 21:16:37] 159919: 到期月份 ['202605', '202606', '202609', '202612']
[2026-05-15 21:16:39] 159919: 分析波动率曲面 (spot=5.087)
[2026-05-15 21:16:39]   ✓ 保存到 /Users/chengming/home/futures_platform/data/options/159919_20260515.json
[2026-05-15 21:16:39] 采集 000300 (沪深300)...
[2026-05-15 21:16:44] 获取标的价格失败: ('Connection aborted.', RemoteDisconnected('Remote
[2026-05-15 21:16:44]   ✗ 无法获取标的价格
[2026-05-15 21:16:44] 采集 000852 (中证1000)...
[2026-05-15 21:16:50] 获取标的价格失败: ('Connection aborted.', RemoteDisconnected('Remote
[2026-05-15 21:16:50]   ✗ 无法获取标的价格
[2026-05-15 21:16:50] 
采集完成: 共3个标的
