[2026-05-15 20:57:46] ============================================================
[2026-05-15 20:57:46] 开始采集期货期限结构数据
[2026-05-15 20:57:46] ============================================================
[2026-05-15 20:57:46] 采集 CU (沪铜)...
[2026-05-15 20:57:49]   ✗ CU: 有效合约不足 (0个)
[2026-05-15 20:57:49] 采集 AL (沪铝)...
[2026-05-15 20:57:51]   ✗ AL: 有效合约不足 (0个)
[2026-05-15 20:57:51] 采集 ZN (沪锌)...
[2026-05-15 20:57:54]   ✗ ZN: 有效合约不足 (0个)
[2026-05-15 20:57:54] 采集 PB (沪铅)...
[2026-05-15 20:57:57]   ✗ PB: 有效合约不足 (0个)
[2026-05-15 20:57:57] 采集 NI (沪镍)...
[2026-05-15 20:57:59]   ✗ NI: 有效合约不足 (0个)
[2026-05-15 20:57:59] 采集 SN (沪锡)...
[2026-05-15 20:58:02]   ✗ SN: 有效合约不足 (0个)
[2026-05-15 20:58:02] 采集 AU (沪金)...
[2026-05-15 20:58:04]   ✗ AU: 有效合约不足 (0个)
[2026-05-15 20:58:04] 采集 AG (沪银)...
[2026-05-15 20:58:07]   ✗ AG: 有效合约不足 (0个)
[2026-05-15 20:58:07] 采集 RB (螺纹)...
[2026-05-15 20:58:09]   ✗ RB: 有效合约不足 (0个)
[2026-05-15 20:58:09] 采集 HC (热卷)...
[2026-05-15 20:58:12]   ✗ HC: 有效合约不足 (0个)
[2026-05-15 20:58:12] 采集 I (铁矿)...
[2026-05-15 20:58:15]   ✗ I: 有效合约不足 (0个)
[2026-05-15 20:58:15] 采集 J (焦炭)...
[2026-05-15 20:58:17]   ✗ J: 有效合约不足 (0个)
[2026-05-15 20:58:17] 采集 JM (焦煤)...
[2026-05-15 20:58:20]   ✗ JM: 有效合约不足 (0个)
[2026-05-15 20:58:20] 采集 FG (玻璃)...
[2026-05-15 20:58:22]   ✗ FG: 有效合约不足 (0个)
[2026-05-15 20:58:22] 采集 SC (原油)...
[2026-05-15 20:58:25]   ✗ SC: 有效合约不足 (0个)
[2026-05-15 20:58:25] 采集 BU (沥青)...
[2026-05-15 20:58:28]   ✗ BU: 有效合约不足 (0个)
[2026-05-15 20:58:28] 采集 TA (PTA)...
[2026-05-15 20:58:30]   ✗ TA: 有效合约不足 (0个)
[2026-05-15 20:58:30] 采集 MA (甲醇)...
[2026-05-15 20:58:33]   ✗ MA: 有效合约不足 (0个)
[2026-05-15 20:58:33] 采集 PP (聚丙烯)...
[2026-05-15 20:58:35]   ✗ PP: 有效合约不足 (0个)
[2026-05-15 20:58:35] 采集 L (塑料)...
[2026-05-15 20:58:38]   ✗ L: 有效合约不足 (0个)
[2026-05-15 20:58:38] 采集 V (PVC)...
[2026-05-15 20:58:40]   ✗ V: 有效合约不足 (0个)
[2026-05-15 20:58:40] 采集 EG (乙二醇)...
[2026-05-15 20:58:43]   ✗ EG: 有效合约不足 (0个)
[2026-05-15 20:58:43] 采集 EB (苯乙烯)...
[2026-05-15 20:58:45]   ✗ EB: 有效合约不足 (0个)
[2026-05-15 20:58:45] 采集 SA (纯碱)...
[2026-05-15 20:58:48]   ✗ SA: 有效合约不足 (0个)
[2026-05-15 20:58:48] 采集 UR (尿素)...
[2026-05-15 20:58:50]   ✗ UR: 有效合约不足 (0个)
[2026-05-15 20:58:50] 采集 P (棕榈)...
[2026-05-15 20:58:53]   ✗ P: 有效合约不足 (0个)
[2026-05-15 20:58:53] 采集 Y (豆油)...
[2026-05-15 20:58:55]   ✗ Y: 有效合约不足 (0个)
[2026-05-15 20:58:55] 采集 M (豆粕)...
[2026-05-15 20:58:58]   ✗ M: 有效合约不足 (0个)
[2026-05-15 20:58:58] 采集 RM (菜粕)...
[2026-05-15 20:59:01]   ✗ RM: 有效合约不足 (0个)
[2026-05-15 20:59:01] 采集 SR (白糖)...
[2026-05-15 20:59:03]   ✗ SR: 有效合约不足 (0个)
[2026-05-15 20:59:03] 采集 CF (棉花)...
[2026-05-15 20:59:06]   ✗ CF: 有效合约不足 (0个)
[2026-05-15 20:59:06] 采集 AP (苹果)...
[2026-05-15 20:59:08]   ✗ AP: 有效合约不足 (0个)
[2026-05-15 20:59:08] 采集 CJ (红枣)...
[2026-05-15 20:59:11]   ✗ CJ: 有效合约不足 (0个)
[2026-05-15 20:59:11] 采集 LH (生猪)...
[2026-05-15 20:59:13]   ✗ LH: 有效合约不足 (0个)
[2026-05-15 20:59:13] 采集 JD (鸡蛋)...
[2026-05-15 20:59:16]   ✗ JD: 有效合约不足 (0个)
[2026-05-15 20:59:16] 采集 IF (IF)...
[2026-05-15 20:59:18]   ✗ IF: 有效合约不足 (0个)
[2026-05-15 20:59:18] 采集 IC (IC)...
[2026-05-15 20:59:21]   ✗ IC: 有效合约不足 (0个)
[2026-05-15 20:59:21] 采集 IH (IH)...
[2026-05-15 20:59:23]   ✗ IH: 有效合约不足 (0个)
[2026-05-15 20:59:23] 采集 IM (IM)...
[2026-05-15 20:59:26]   ✗ IM: 有效合约不足 (0个)
[2026-05-15 20:59:26] 采集 T (T)...
[2026-05-15 20:59:28]   ✗ T: 有效合约不足 (0个)
[2026-05-15 20:59:28] 采集 TF (TF)...
[2026-05-15 20:59:31]   ✗ TF: 有效合约不足 (0个)
[2026-05-15 20:59:31] 采集 TS (TS)...
[2026-05-15 20:59:33]   ✗ TS: 有效合约不足 (0个)
[2026-05-15 20:59:33] 
采集完成: 共0个品种
[2026-05-15 21:00:08] ============================================================
[2026-05-15 21:00:08] 开始采集期货期限结构数据
[2026-05-15 21:00:08] ============================================================
[2026-05-15 21:00:08] 采集 CU (沪铜)...
[2026-05-15 21:00:10]   ✗ CU: 有效合约不足 (0个)
[2026-05-15 21:00:10] 采集 AL (沪铝)...
[2026-05-15 21:00:13]   ✗ AL: 有效合约不足 (0个)
[2026-05-15 21:00:13] 采集 ZN (沪锌)...
[2026-05-15 21:00:15]   ✗ ZN: 有效合约不足 (0个)
[2026-05-15 21:00:15] 采集 PB (沪铅)...
[2026-05-15 21:00:18]   ✗ PB: 有效合约不足 (0个)
[2026-05-15 21:00:18] 采集 NI (沪镍)...
[2026-05-15 21:00:20]   ✗ NI: 有效合约不足 (0个)
[2026-05-15 21:00:20] 采集 SN (沪锡)...
[2026-05-15 21:00:23]   ✗ SN: 有效合约不足 (0个)
[2026-05-15 21:00:23] 采集 AU (沪金)...
[2026-05-15 21:00:25]   ✗ AU: 有效合约不足 (0个)
[2026-05-15 21:00:25] 采集 AG (沪银)...
[2026-05-15 21:00:28]   ✗ AG: 有效合约不足 (0个)
[2026-05-15 21:00:28] 采集 RB (螺纹)...
[2026-05-15 21:00:31]   ✗ RB: 有效合约不足 (0个)
[2026-05-15 21:00:31] 采集 HC (热卷)...
[2026-05-15 21:00:33]   ✗ HC: 有效合约不足 (0个)
[2026-05-15 21:00:33] 采集 I (铁矿)...
[2026-05-15 21:00:36]   ✗ I: 有效合约不足 (0个)
[2026-05-15 21:00:36] 采集 J (焦炭)...
[2026-05-15 21:00:38]   ✗ J: 有效合约不足 (0个)
[2026-05-15 21:00:38] 采集 JM (焦煤)...
[2026-05-15 21:00:41]   ✗ JM: 有效合约不足 (0个)
[2026-05-15 21:00:41] 采集 FG (玻璃)...
[2026-05-15 21:00:43]   ✗ FG: 有效合约不足 (0个)
[2026-05-15 21:00:43] 采集 SC (原油)...
[2026-05-15 21:00:46]   ✗ SC: 有效合约不足 (0个)
[2026-05-15 21:00:46] 采集 BU (沥青)...
[2026-05-15 21:00:49]   ✗ BU: 有效合约不足 (0个)
[2026-05-15 21:00:49] 采集 TA (PTA)...
[2026-05-15 21:00:51]   ✗ TA: 有效合约不足 (0个)
[2026-05-15 21:00:51] 采集 MA (甲醇)...
[2026-05-15 21:00:54]   ✗ MA: 有效合约不足 (0个)
[2026-05-15 21:00:54] 采集 PP (聚丙烯)...
[2026-05-15 21:00:56]   ✗ PP: 有效合约不足 (0个)
[2026-05-15 21:00:56] 采集 L (塑料)...
[2026-05-15 21:00:59]   ✗ L: 有效合约不足 (0个)
[2026-05-15 21:00:59] 采集 V (PVC)...
[2026-05-15 21:01:01]   ✗ V: 有效合约不足 (0个)
[2026-05-15 21:01:01] 采集 EG (乙二醇)...
[2026-05-15 21:01:04]   ✗ EG: 有效合约不足 (0个)
[2026-05-15 21:01:04] 采集 EB (苯乙烯)...
[2026-05-15 21:01:06]   ✗ EB: 有效合约不足 (0个)
[2026-05-15 21:01:06] 采集 SA (纯碱)...
[2026-05-15 21:01:09]   ✗ SA: 有效合约不足 (0个)
[2026-05-15 21:01:09] 采集 UR (尿素)...
[2026-05-15 21:01:12]   ✗ UR: 有效合约不足 (0个)
[2026-05-15 21:01:12] 采集 P (棕榈)...
[2026-05-15 21:01:14]   ✗ P: 有效合约不足 (0个)
[2026-05-15 21:01:14] 采集 Y (豆油)...
[2026-05-15 21:01:17]   ✗ Y: 有效合约不足 (0个)
[2026-05-15 21:01:17] 采集 M (豆粕)...
[2026-05-15 21:01:19]   ✗ M: 有效合约不足 (0个)
[2026-05-15 21:01:19] 采集 RM (菜粕)...
[2026-05-15 21:01:22]   ✗ RM: 有效合约不足 (0个)
[2026-05-15 21:01:22] 采集 SR (白糖)...
[2026-05-15 21:01:24]   ✗ SR: 有效合约不足 (0个)
[2026-05-15 21:01:24] 采集 CF (棉花)...
[2026-05-15 21:01:27]   ✗ CF: 有效合约不足 (0个)
[2026-05-15 21:01:27] 采集 AP (苹果)...
[2026-05-15 21:01:29]   ✗ AP: 有效合约不足 (0个)
[2026-05-15 21:01:29] 采集 CJ (红枣)...
[2026-05-15 21:01:32]   ✗ CJ: 有效合约不足 (0个)
[2026-05-15 21:01:32] 采集 LH (生猪)...
[2026-05-15 21:01:35]   ✗ LH: 有效合约不足 (0个)
[2026-05-15 21:01:35] 采集 JD (鸡蛋)...
[2026-05-15 21:01:37]   ✗ JD: 有效合约不足 (0个)
[2026-05-15 21:01:37] 采集 IF (IF)...
[2026-05-15 21:01:40]   ✗ IF: 有效合约不足 (0个)
[2026-05-15 21:01:40] 采集 IC (IC)...
[2026-05-15 21:01:42]   ✗ IC: 有效合约不足 (0个)
[2026-05-15 21:01:42] 采集 IH (IH)...
[2026-05-15 21:01:45]   ✗ IH: 有效合约不足 (0个)
[2026-05-15 21:01:45] 采集 IM (IM)...
[2026-05-15 21:01:47]   ✗ IM: 有效合约不足 (0个)
[2026-05-15 21:01:47] 采集 T (T)...
[2026-05-15 21:01:50]   ✗ T: 有效合约不足 (0个)
[2026-05-15 21:01:50] 采集 TF (TF)...
[2026-05-15 21:01:52]   ✗ TF: 有效合约不足 (0个)
[2026-05-15 21:01:52] 采集 TS (TS)...
[2026-05-15 21:01:55]   ✗ TS: 有效合约不足 (0个)
[2026-05-15 21:01:55] 
采集完成: 共0个品种
[2026-05-15 21:03:00] ============================================================
[2026-05-15 21:03:00] 开始采集期货期限结构数据
[2026-05-15 21:03:00] ============================================================
[2026-05-15 21:03:00] 采集 CU (沪铜)...
[2026-05-15 21:03:08]   ✗ CU: 有效合约不足 (0个)
[2026-05-15 21:03:08] 采集 AL (沪铝)...
[2026-05-15 21:03:15]   ✗ AL: 有效合约不足 (0个)
[2026-05-15 21:03:15] 采集 ZN (沪锌)...
[2026-05-15 21:03:23]   ✗ ZN: 有效合约不足 (0个)
[2026-05-15 21:03:23] 采集 PB (沪铅)...
[2026-05-15 21:03:30]   ✗ PB: 有效合约不足 (0个)
[2026-05-15 21:03:30] 采集 NI (沪镍)...
[2026-05-15 21:03:38]   ✗ NI: 有效合约不足 (0个)
[2026-05-15 21:03:38] 采集 SN (沪锡)...
[2026-05-15 21:03:45]   ✗ SN: 有效合约不足 (0个)
[2026-05-15 21:03:45] 采集 AU (沪金)...
[2026-05-15 21:03:53]   ✗ AU: 有效合约不足 (0个)
[2026-05-15 21:03:53] 采集 AG (沪银)...
[2026-05-15 21:04:00]   ✗ AG: 有效合约不足 (0个)
[2026-05-15 21:04:00] 采集 RB (螺纹)...
[2026-05-15 21:04:07]   ✗ RB: 有效合约不足 (0个)
[2026-05-15 21:04:07] 采集 HC (热卷)...
[2026-05-15 21:04:15]   ✗ HC: 有效合约不足 (0个)
[2026-05-15 21:04:15] 采集 I (铁矿)...
[2026-05-15 21:04:22]   ✗ I: 有效合约不足 (0个)
[2026-05-15 21:04:22] 采集 J (焦炭)...
[2026-05-15 21:04:30]   ✗ J: 有效合约不足 (0个)
[2026-05-15 21:04:30] 采集 JM (焦煤)...
[2026-05-15 21:04:37]   ✗ JM: 有效合约不足 (0个)
[2026-05-15 21:04:37] 采集 FG (玻璃)...
[2026-05-15 21:04:44]   ✗ FG: 有效合约不足 (0个)
[2026-05-15 21:04:44] 采集 SC (原油)...
[2026-05-15 21:04:52]   ✗ SC: 有效合约不足 (0个)
[2026-05-15 21:04:52] 采集 BU (沥青)...
[2026-05-15 21:04:59]   ✗ BU: 有效合约不足 (0个)
[2026-05-15 21:04:59] 采集 TA (PTA)...
[2026-05-15 21:05:06]   ✗ TA: 有效合约不足 (0个)
[2026-05-15 21:05:06] 采集 MA (甲醇)...
[2026-05-15 21:05:14]   ✗ MA: 有效合约不足 (0个)
[2026-05-15 21:05:14] 采集 PP (聚丙烯)...
[2026-05-15 21:05:21]   ✗ PP: 有效合约不足 (0个)
[2026-05-15 21:05:21] 采集 L (塑料)...
[2026-05-15 21:05:28]   ✗ L: 有效合约不足 (0个)
[2026-05-15 21:05:28] 采集 V (PVC)...
[2026-05-15 21:05:36]   ✗ V: 有效合约不足 (0个)
[2026-05-15 21:05:36] 采集 EG (乙二醇)...
[2026-05-15 21:05:43]   ✗ EG: 有效合约不足 (0个)
[2026-05-15 21:05:43] 采集 EB (苯乙烯)...
[2026-05-15 21:05:50]   ✗ EB: 有效合约不足 (0个)
[2026-05-15 21:05:50] 采集 SA (纯碱)...
[2026-05-15 21:05:58]   ✗ SA: 有效合约不足 (0个)
[2026-05-15 21:05:58] 采集 UR (尿素)...
[2026-05-15 21:06:05]   ✗ UR: 有效合约不足 (0个)
[2026-05-15 21:06:05] 采集 P (棕榈)...
[2026-05-15 21:06:12]   ✗ P: 有效合约不足 (0个)
[2026-05-15 21:06:12] 采集 Y (豆油)...
[2026-05-15 21:06:19]   ✗ Y: 有效合约不足 (0个)
[2026-05-15 21:06:19] 采集 M (豆粕)...
[2026-05-15 21:06:27]   ✗ M: 有效合约不足 (0个)
[2026-05-15 21:06:27] 采集 RM (菜粕)...
[2026-05-15 21:06:34]   ✗ RM: 有效合约不足 (0个)
[2026-05-15 21:06:34] 采集 SR (白糖)...
[2026-05-15 21:06:41]   ✗ SR: 有效合约不足 (0个)
[2026-05-15 21:06:41] 采集 CF (棉花)...
[2026-05-15 21:06:48]   ✗ CF: 有效合约不足 (0个)
[2026-05-15 21:06:48] 采集 AP (苹果)...
[2026-05-15 21:06:56]   ✗ AP: 有效合约不足 (0个)
[2026-05-15 21:06:56] 采集 CJ (红枣)...
[2026-05-15 21:07:03]   ✗ CJ: 有效合约不足 (0个)
[2026-05-15 21:07:03] 采集 LH (生猪)...
[2026-05-15 21:07:11]   ✗ LH: 有效合约不足 (0个)
[2026-05-15 21:07:11] 采集 JD (鸡蛋)...
[2026-05-15 21:07:18]   ✗ JD: 有效合约不足 (0个)
[2026-05-15 21:07:18] 采集 IF (IF)...
[2026-05-15 21:07:25]   ✗ IF: 有效合约不足 (0个)
[2026-05-15 21:07:25] 采集 IC (IC)...
[2026-05-15 21:07:33]   ✗ IC: 有效合约不足 (0个)
[2026-05-15 21:07:33] 采集 IH (IH)...
[2026-05-15 21:07:40]   ✗ IH: 有效合约不足 (0个)
[2026-05-15 21:07:40] 采集 IM (IM)...
[2026-05-15 21:07:48]   ✗ IM: 有效合约不足 (0个)
[2026-05-15 21:07:48] 采集 T (T)...
[2026-05-15 21:07:57]   ✗ T: 有效合约不足 (0个)
[2026-05-15 21:07:57] 采集 TF (TF)...
[2026-05-15 21:09:08] ============================================================
[2026-05-15 21:09:08] 开始采集期货期限结构数据
[2026-05-15 21:09:08] ============================================================
[2026-05-15 21:09:08] 采集 CU (沪铜)...
[2026-05-15 21:09:12]   ✓ CU: 5个合约, 结构=backwardation, 价差=-0.06%
[2026-05-15 21:09:12] 采集 AL (沪铝)...
[2026-05-15 21:09:15]   ✓ AL: 5个合约, 结构=contango, 价差=0.45%
[2026-05-15 21:09:15] 采集 ZN (沪锌)...
[2026-05-15 21:09:19]   ✓ ZN: 5个合约, 结构=contango, 价差=0.28%
[2026-05-15 21:09:19] 采集 PB (沪铅)...
[2026-05-15 21:09:23]   ✓ PB: 5个合约, 结构=contango, 价差=1.21%
[2026-05-15 21:09:23] 采集 NI (沪镍)...
[2026-05-15 21:09:26]   ✓ NI: 5个合约, 结构=contango, 价差=1.47%
[2026-05-15 21:09:26] 采集 SN (沪锡)...
[2026-05-15 21:09:30]   ✓ SN: 5个合约, 结构=contango, 价差=0.11%
[2026-05-15 21:09:30] 采集 AU (沪金)...
[2026-05-15 21:09:33]   ✓ AU: 4个合约, 结构=contango, 价差=0.75%
[2026-05-15 21:09:33] 采集 AG (沪银)...
[2026-05-15 21:09:37]   ✓ AG: 5个合约, 结构=contango, 价差=0.34%
[2026-05-15 21:09:37] 采集 RB (螺纹)...
[2026-05-15 21:09:40]   ✓ RB: 5个合约, 结构=contango, 价差=2.74%
[2026-05-15 21:09:40] 采集 HC (热卷)...
[2026-05-15 21:09:44]   ✓ HC: 5个合约, 结构=contango, 价差=1.17%
[2026-05-15 21:09:44] 采集 I (铁矿)...
[2026-05-15 21:09:48]   ✓ I: 5个合约, 结构=backwardation, 价差=-4.29%
[2026-05-15 21:09:48] 采集 J (焦炭)...
[2026-05-15 21:09:51]   ✓ J: 5个合约, 结构=contango, 价差=13.93%
[2026-05-15 21:09:51] 采集 JM (焦煤)...
[2026-05-15 21:09:55]   ✓ JM: 5个合约, 结构=contango, 价差=19.30%
[2026-05-15 21:09:55] 采集 FG (玻璃)...
[2026-05-15 21:09:58]   ✓ FG: 5个合约, 结构=contango, 价差=21.23%
[2026-05-15 21:09:58] 采集 SC (原油)...
[2026-05-15 21:10:02]   ✓ SC: 5个合约, 结构=backwardation, 价差=-2.17%
[2026-05-15 21:10:02] 采集 BU (沥青)...
[2026-05-15 21:10:05]   ✓ BU: 5个合约, 结构=backwardation, 价差=-10.90%
[2026-05-15 21:10:05] 采集 TA (PTA)...
[2026-05-15 21:10:09]   ✓ TA: 5个合约, 结构=backwardation, 价差=-5.60%
[2026-05-15 21:10:09] 采集 MA (甲醇)...
[2026-05-15 21:10:12]   ✓ MA: 5个合约, 结构=backwardation, 价差=-5.95%
[2026-05-15 21:10:12] 采集 PP (聚丙烯)...
[2026-05-15 21:10:16]   ✓ PP: 5个合约, 结构=backwardation, 价差=-10.44%
[2026-05-15 21:10:16] 采集 L (塑料)...
[2026-05-15 21:10:19]   ✓ L: 5个合约, 结构=backwardation, 价差=-4.02%
[2026-05-15 21:10:19] 采集 V (PVC)...
[2026-05-15 21:10:23]   ✓ V: 5个合约, 结构=contango, 价差=4.42%
[2026-05-15 21:10:23] 采集 EG (乙二醇)...
[2026-05-15 21:10:26]   ✓ EG: 5个合约, 结构=backwardation, 价差=-2.79%
[2026-05-15 21:10:26] 采集 EB (苯乙烯)...
[2026-05-15 21:10:30]   ✓ EB: 5个合约, 结构=backwardation, 价差=-8.12%
[2026-05-15 21:10:30] 采集 SA (纯碱)...
[2026-05-15 21:10:33]   ✓ SA: 5个合约, 结构=contango, 价差=8.93%
[2026-05-15 21:10:33] 采集 UR (尿素)...
[2026-05-15 21:10:37]   ✓ UR: 5个合约, 结构=contango, 价差=5.12%
[2026-05-15 21:10:37] 采集 P (棕榈)...
[2026-05-15 21:10:40]   ✓ P: 5个合约, 结构=contango, 价差=3.97%
[2026-05-15 21:10:40] 采集 Y (豆油)...
[2026-05-15 21:10:44]   ✓ Y: 4个合约, 结构=contango, 价差=0.83%
[2026-05-15 21:10:44] 采集 M (豆粕)...
[2026-05-15 21:10:47]   ✓ M: 4个合约, 结构=contango, 价差=8.92%
[2026-05-15 21:10:47] 采集 RM (菜粕)...
[2026-05-15 21:10:51]   ✓ RM: 3个合约, 结构=contango, 价差=5.88%
[2026-05-15 21:10:51] 采集 SR (白糖)...
[2026-05-15 21:10:55]   ✓ SR: 2个合约, 结构=contango, 价差=0.57%
[2026-05-15 21:10:55] 采集 CF (棉花)...
[2026-05-15 21:10:58]   ✓ CF: 2个合约, 结构=contango, 价差=1.07%
[2026-05-15 21:10:58] 采集 AP (苹果)...
[2026-05-15 21:11:02]   ✗ AP: 有效合约不足
[2026-05-15 21:11:02] 采集 CJ (红枣)...
[2026-05-15 21:11:05]   ✓ CJ: 3个合约, 结构=contango, 价差=9.30%
[2026-05-15 21:11:05] 采集 LH (生猪)...
[2026-05-15 21:11:09]   ✓ LH: 2个合约, 结构=contango, 价差=13.44%
[2026-05-15 21:11:09] 采集 JD (鸡蛋)...
[2026-05-15 21:11:12]   ✓ JD: 5个合约, 结构=contango, 价差=4.01%
[2026-05-15 21:11:12] 采集 IF (IF)...
[2026-05-15 21:11:16]   ✓ IF: 3个合约, 结构=backwardation, 价差=-2.51%
[2026-05-15 21:11:16] 采集 IC (IC)...
[2026-05-15 21:11:19]   ✓ IC: 3个合约, 结构=backwardation, 价差=-3.12%
[2026-05-15 21:11:19] 采集 IH (IH)...
[2026-05-15 21:11:23]   ✓ IH: 3个合约, 结构=backwardation, 价差=-1.43%
[2026-05-15 21:11:23] 采集 IM (IM)...
[2026-05-15 21:11:26]   ✓ IM: 3个合约, 结构=backwardation, 价差=-4.52%
[2026-05-15 21:11:26] 采集 T (T)...
[2026-05-15 21:11:30]   ✓ T: 3个合约, 结构=backwardation, 价差=-0.30%
[2026-05-15 21:11:30] 采集 TF (TF)...
[2026-05-15 21:11:33]   ✓ TF: 3个合约, 结构=backwardation, 价差=-0.38%
[2026-05-15 21:11:33] 采集 TS (TS)...
[2026-05-15 21:11:37]   ✓ TS: 3个合约, 结构=backwardation, 价差=-0.12%
[2026-05-15 21:11:37] 
采集完成: 共41个品种
[2026-05-15 21:42:26] ============================================================
[2026-05-15 21:42:26] 开始采集期货期限结构数据
[2026-05-15 21:42:26] ============================================================
[2026-05-15 21:42:26] 采集 CU (沪铜)...
[2026-05-15 21:42:30]   ✓ CU: 5个合约, 结构=backwardation, 价差=-0.06%
[2026-05-15 21:42:30] 采集 AL (沪铝)...
[2026-05-15 21:42:34]   ✓ AL: 5个合约, 结构=contango, 价差=0.45%
[2026-05-15 21:42:34] 采集 ZN (沪锌)...
[2026-05-15 21:42:38]   ✓ ZN: 5个合约, 结构=contango, 价差=0.28%
[2026-05-15 21:42:38] 采集 PB (沪铅)...
[2026-05-15 21:42:42]   ✓ PB: 5个合约, 结构=contango, 价差=1.21%
[2026-05-15 21:42:42] 采集 NI (沪镍)...
[2026-05-15 21:42:46]   ✓ NI: 5个合约, 结构=contango, 价差=1.47%
[2026-05-15 21:42:46] 采集 SN (沪锡)...
[2026-05-15 21:42:50]   ✓ SN: 5个合约, 结构=contango, 价差=0.11%
[2026-05-15 21:42:50] 采集 AU (沪金)...
[2026-05-15 21:42:54]   ✓ AU: 4个合约, 结构=contango, 价差=0.75%
[2026-05-15 21:42:54] 采集 AG (沪银)...
[2026-05-15 21:42:58]   ✓ AG: 5个合约, 结构=contango, 价差=0.34%
[2026-05-15 21:42:58] 采集 RB (螺纹)...
[2026-05-15 21:43:02]   ✓ RB: 5个合约, 结构=contango, 价差=2.74%
[2026-05-15 21:43:02] 采集 HC (热卷)...
[2026-05-15 21:43:07]   ✓ HC: 5个合约, 结构=contango, 价差=1.17%
[2026-05-15 21:43:07] 采集 I (铁矿)...
[2026-05-15 21:43:11]   ✓ I: 5个合约, 结构=backwardation, 价差=-4.29%
[2026-05-15 21:43:11] 采集 J (焦炭)...
[2026-05-15 21:43:15]   ✓ J: 5个合约, 结构=contango, 价差=13.93%
[2026-05-15 21:43:15] 采集 JM (焦煤)...
[2026-05-15 21:43:18]   ✓ JM: 5个合约, 结构=contango, 价差=19.30%
[2026-05-15 21:43:18] 采集 FG (玻璃)...
[2026-05-15 21:43:22]   ✓ FG: 5个合约, 结构=contango, 价差=21.23%
[2026-05-15 21:43:22] 采集 SC (原油)...
[2026-05-15 21:43:26]   ✓ SC: 5个合约, 结构=backwardation, 价差=-2.17%
[2026-05-15 21:43:26] 采集 BU (沥青)...
[2026-05-15 21:43:30]   ✓ BU: 5个合约, 结构=backwardation, 价差=-10.90%
[2026-05-15 21:43:30] 采集 TA (PTA)...
[2026-05-15 21:43:35]   ✓ TA: 5个合约, 结构=backwardation, 价差=-5.60%
[2026-05-15 21:43:35] 采集 MA (甲醇)...
[2026-05-15 21:43:39]   ✓ MA: 5个合约, 结构=backwardation, 价差=-5.95%
[2026-05-15 21:43:39] 采集 PP (聚丙烯)...
[2026-05-15 21:43:44]   ✓ PP: 5个合约, 结构=backwardation, 价差=-10.44%
[2026-05-15 21:43:44] 采集 L (塑料)...
[2026-05-15 21:43:48]   ✓ L: 5个合约, 结构=backwardation, 价差=-4.02%
[2026-05-15 21:43:48] 采集 V (PVC)...
[2026-05-15 21:43:51]   ✓ V: 5个合约, 结构=contango, 价差=4.42%
[2026-05-15 21:43:51] 采集 EG (乙二醇)...
[2026-05-15 21:43:55]   ✓ EG: 5个合约, 结构=backwardation, 价差=-2.79%
[2026-05-15 21:43:55] 采集 EB (苯乙烯)...
[2026-05-15 21:43:59]   ✓ EB: 5个合约, 结构=backwardation, 价差=-8.12%
[2026-05-15 21:43:59] 采集 SA (纯碱)...
[2026-05-15 21:44:03]   ✓ SA: 5个合约, 结构=contango, 价差=8.93%
[2026-05-15 21:44:03] 采集 UR (尿素)...
[2026-05-15 21:44:07]   ✓ UR: 5个合约, 结构=contango, 价差=5.12%
[2026-05-15 21:44:07] 采集 P (棕榈)...
[2026-05-15 21:44:11]   ✓ P: 5个合约, 结构=contango, 价差=3.97%
[2026-05-15 21:44:11] 采集 Y (豆油)...
[2026-05-15 21:44:15]   ✓ Y: 4个合约, 结构=contango, 价差=0.83%
[2026-05-15 21:44:15] 采集 M (豆粕)...
[2026-05-15 21:44:19]   ✓ M: 4个合约, 结构=contango, 价差=8.92%
[2026-05-15 21:44:19] 采集 RM (菜粕)...
[2026-05-15 21:44:23]   ✓ RM: 3个合约, 结构=contango, 价差=5.88%
[2026-05-15 21:44:23] 采集 SR (白糖)...
[2026-05-15 21:44:27]   ✓ SR: 2个合约, 结构=contango, 价差=0.57%
[2026-05-15 21:44:27] 采集 CF (棉花)...
[2026-05-15 21:44:31]   ✓ CF: 2个合约, 结构=contango, 价差=1.07%
[2026-05-15 21:44:31] 采集 AP (苹果)...
[2026-05-15 21:44:35]   ✗ AP: 有效合约不足
[2026-05-15 21:44:35] 采集 CJ (红枣)...
[2026-05-15 21:44:39]   ✓ CJ: 3个合约, 结构=contango, 价差=9.30%
[2026-05-15 21:44:39] 采集 LH (生猪)...
[2026-05-15 21:44:42]   ✓ LH: 2个合约, 结构=contango, 价差=13.44%
[2026-05-15 21:44:42] 采集 JD (鸡蛋)...
[2026-05-15 21:44:47]   ✓ JD: 5个合约, 结构=contango, 价差=4.01%
[2026-05-15 21:44:47] 采集 IF (IF)...
