/Users/chengming/Library/Python/3.9/lib/python/site-packages/urllib3/__init__.py:35: NotOpenSSLWarning: urllib3 v2 only supports OpenSSL 1.1.1+, currently the 'ssl' module is compiled with 'LibreSSL 2.8.3'. See: https://github.com/urllib3/urllib3/issues/3020
  warnings.warn(
[2026-05-15 20:57:46] ============================================================
[2026-05-15 20:57:46] 开始采集期货期限结构数据
[2026-05-15 20:57:46] ============================================================
[2026-05-15 20:57:46] 采集 CU (沪铜)...
[2026-05-15 20:57:49]   ✗ CU: 有效合约不足 (0个)
[2026-05-15 20:57:49] 采集 AL (沪铝)...
[2026-05-15 20:57:51]   ✗ AL: 有效合约不足 (0个)
[2026-05-15 20:57:51] 采集 ZN (沪锌)...
[2026-05-15 20:57:54]   ✗ ZN: 有效合约不足 (0个)
[2026-05-15 20:57:54] 采集 PB (沪铅)...
[2026-05-15 20:57:57]   ✗ PB: 有效合约不足 (0个)
[2026-05-15 20:57:57] 采集 NI (沪镍)...
[2026-05-15 20:57:59]   ✗ NI: 有效合约不足 (0个)
[2026-05-15 20:57:59] 采集 SN (沪锡)...
[2026-05-15 20:58:02]   ✗ SN: 有效合约不足 (0个)
[2026-05-15 20:58:02] 采集 AU (沪金)...
[2026-05-15 20:58:04]   ✗ AU: 有效合约不足 (0个)
[2026-05-15 20:58:04] 采集 AG (沪银)...
[2026-05-15 20:58:07]   ✗ AG: 有效合约不足 (0个)
[2026-05-15 20:58:07] 采集 RB (螺纹)...
[2026-05-15 20:58:09]   ✗ RB: 有效合约不足 (0个)
[2026-05-15 20:58:09] 采集 HC (热卷)...
[2026-05-15 20:58:12]   ✗ HC: 有效合约不足 (0个)
[2026-05-15 20:58:12] 采集 I (铁矿)...
[2026-05-15 20:58:15]   ✗ I: 有效合约不足 (0个)
[2026-05-15 20:58:15] 采集 J (焦炭)...
[2026-05-15 20:58:17]   ✗ J: 有效合约不足 (0个)
[2026-05-15 20:58:17] 采集 JM (焦煤)...
[2026-05-15 20:58:20]   ✗ JM: 有效合约不足 (0个)
[2026-05-15 20:58:20] 采集 FG (玻璃)...
[2026-05-15 20:58:22]   ✗ FG: 有效合约不足 (0个)
[2026-05-15 20:58:22] 采集 SC (原油)...
[2026-05-15 20:58:25]   ✗ SC: 有效合约不足 (0个)
[2026-05-15 20:58:25] 采集 BU (沥青)...
[2026-05-15 20:58:28]   ✗ BU: 有效合约不足 (0个)
[2026-05-15 20:58:28] 采集 TA (PTA)...
[2026-05-15 20:58:30]   ✗ TA: 有效合约不足 (0个)
[2026-05-15 20:58:30] 采集 MA (甲醇)...
[2026-05-15 20:58:33]   ✗ MA: 有效合约不足 (0个)
[2026-05-15 20:58:33] 采集 PP (聚丙烯)...
[2026-05-15 20:58:35]   ✗ PP: 有效合约不足 (0个)
[2026-05-15 20:58:35] 采集 L (塑料)...
[2026-05-15 20:58:38]   ✗ L: 有效合约不足 (0个)
[2026-05-15 20:58:38] 采集 V (PVC)...
[2026-05-15 20:58:40]   ✗ V: 有效合约不足 (0个)
[2026-05-15 20:58:40] 采集 EG (乙二醇)...
[2026-05-15 20:58:43]   ✗ EG: 有效合约不足 (0个)
[2026-05-15 20:58:43] 采集 EB (苯乙烯)...
[2026-05-15 20:58:45]   ✗ EB: 有效合约不足 (0个)
[2026-05-15 20:58:45] 采集 SA (纯碱)...
[2026-05-15 20:58:48]   ✗ SA: 有效合约不足 (0个)
[2026-05-15 20:58:48] 采集 UR (尿素)...
[2026-05-15 20:58:50]   ✗ UR: 有效合约不足 (0个)
[2026-05-15 20:58:50] 采集 P (棕榈)...
[2026-05-15 20:58:53]   ✗ P: 有效合约不足 (0个)
[2026-05-15 20:58:53] 采集 Y (豆油)...
[2026-05-15 20:58:55]   ✗ Y: 有效合约不足 (0个)
[2026-05-15 20:58:55] 采集 M (豆粕)...
[2026-05-15 20:58:58]   ✗ M: 有效合约不足 (0个)
[2026-05-15 20:58:58] 采集 RM (菜粕)...
[2026-05-15 20:59:01]   ✗ RM: 有效合约不足 (0个)
[2026-05-15 20:59:01] 采集 SR (白糖)...
[2026-05-15 20:59:03]   ✗ SR: 有效合约不足 (0个)
[2026-05-15 20:59:03] 采集 CF (棉花)...
[2026-05-15 20:59:06]   ✗ CF: 有效合约不足 (0个)
[2026-05-15 20:59:06] 采集 AP (苹果)...
[2026-05-15 20:59:08]   ✗ AP: 有效合约不足 (0个)
[2026-05-15 20:59:08] 采集 CJ (红枣)...
[2026-05-15 20:59:11]   ✗ CJ: 有效合约不足 (0个)
[2026-05-15 20:59:11] 采集 LH (生猪)...
[2026-05-15 20:59:13]   ✗ LH: 有效合约不足 (0个)
[2026-05-15 20:59:13] 采集 JD (鸡蛋)...
[2026-05-15 20:59:16]   ✗ JD: 有效合约不足 (0个)
[2026-05-15 20:59:16] 采集 IF (IF)...
[2026-05-15 20:59:18]   ✗ IF: 有效合约不足 (0个)
[2026-05-15 20:59:18] 采集 IC (IC)...
[2026-05-15 20:59:21]   ✗ IC: 有效合约不足 (0个)
[2026-05-15 20:59:21] 采集 IH (IH)...
[2026-05-15 20:59:23]   ✗ IH: 有效合约不足 (0个)
[2026-05-15 20:59:23] 采集 IM (IM)...
[2026-05-15 20:59:26]   ✗ IM: 有效合约不足 (0个)
[2026-05-15 20:59:26] 采集 T (T)...
[2026-05-15 20:59:28]   ✗ T: 有效合约不足 (0个)
[2026-05-15 20:59:28] 采集 TF (TF)...
[2026-05-15 20:59:31]   ✗ TF: 有效合约不足 (0个)
[2026-05-15 20:59:31] 采集 TS (TS)...
[2026-05-15 20:59:33]   ✗ TS: 有效合约不足 (0个)
[2026-05-15 20:59:33] 
采集完成: 共0个品种

============================================================
期限结构汇总
============================================================

Contango (远月>近月): 0个

Backwardation (近月>远月): 0个
